<?xml version="1.0" encoding="UTF-8"?>
<testng-results skipped="0" failed="0" total="1" passed="1">
  <reporter-output>
  </reporter-output>
  <suite name="Suite" duration-ms="28764" started-at="2018-05-08T09:57:27Z" finished-at="2018-05-08T09:57:56Z">
    <groups>
    </groups>
    <test name="Test" duration-ms="28764" started-at="2018-05-08T09:57:27Z" finished-at="2018-05-08T09:57:56Z">
      <class name="com.tests.LoginTest">
        <test-method status="PASS" signature="initiateBrowser(java.lang.String)[pri:0, instance:com.tests.LoginTest@6093dd95]" name="initiateBrowser" is-config="true" duration-ms="17418" started-at="2018-05-08T15:27:27Z" finished-at="2018-05-08T15:27:45Z">
          <params>
            <param index="0">
              <value>
                <![CDATA[Chrome]]>
              </value>
            </param>
          </params>
          <reporter-output>
          </reporter-output>
        </test-method> <!-- initiateBrowser -->
        <test-method status="PASS" signature="testLogin()[pri:0, instance:com.tests.LoginTest@6093dd95]" name="testLogin" duration-ms="5302" started-at="2018-05-08T15:27:45Z" finished-at="2018-05-08T15:27:50Z">
          <reporter-output>
          </reporter-output>
        </test-method> <!-- testLogin -->
        <test-method status="PASS" signature="tearDown(org.testng.ITestResult)[pri:0, instance:com.tests.LoginTest@6093dd95]" name="tearDown" is-config="true" duration-ms="1962" started-at="2018-05-08T15:27:50Z" finished-at="2018-05-08T15:27:52Z">
          <params>
            <param index="0">
              <value>
                <![CDATA[[TestResult name=testLogin status=SUCCESS method=LoginTest.testLogin()[pri:0, instance:com.tests.LoginTest@6093dd95] output={null}]]]>
              </value>
            </param>
          </params>
          <reporter-output>
          </reporter-output>
        </test-method> <!-- tearDown -->
        <test-method status="PASS" signature="afterTest()[pri:0, instance:com.tests.LoginTest@6093dd95]" name="afterTest" is-config="true" duration-ms="4031" started-at="2018-05-08T15:27:52Z" finished-at="2018-05-08T15:27:56Z">
          <reporter-output>
          </reporter-output>
        </test-method> <!-- afterTest -->
      </class> <!-- com.tests.LoginTest -->
    </test> <!-- Test -->
  </suite> <!-- Suite -->
</testng-results>
