<?xml version="1.0" encoding="UTF-8"?>
<testng-results skipped="0" failed="0" total="1" passed="1">
  <reporter-output>
  </reporter-output>
  <suite name="Suite" duration-ms="22593" started-at="2018-05-07T19:08:28Z" finished-at="2018-05-07T19:08:50Z">
    <groups>
    </groups>
    <test name="Test" duration-ms="22593" started-at="2018-05-07T19:08:28Z" finished-at="2018-05-07T19:08:50Z">
      <class name="com.tests.LoginTest">
        <test-method status="PASS" signature="initiateBrowser(java.lang.String)[pri:0, instance:com.tests.LoginTest@6093dd95]" name="initiateBrowser" is-config="true" duration-ms="13112" started-at="2018-05-08T00:38:28Z" finished-at="2018-05-08T00:38:41Z">
          <params>
            <param index="0">
              <value>
                <![CDATA[Chrome]]>
              </value>
            </param>
          </params>
          <reporter-output>
          </reporter-output>
        </test-method> <!-- initiateBrowser -->
        <test-method status="PASS" signature="testLogin()[pri:0, instance:com.tests.LoginTest@6093dd95]" name="testLogin" duration-ms="5107" started-at="2018-05-08T00:38:41Z" finished-at="2018-05-08T00:38:46Z">
          <reporter-output>
          </reporter-output>
        </test-method> <!-- testLogin -->
        <test-method status="PASS" signature="tearDown(org.testng.ITestResult)[pri:0, instance:com.tests.LoginTest@6093dd95]" name="tearDown" is-config="true" duration-ms="1475" started-at="2018-05-08T00:38:46Z" finished-at="2018-05-08T00:38:47Z">
          <params>
            <param index="0">
              <value>
                <![CDATA[[TestResult name=testLogin status=SUCCESS method=LoginTest.testLogin()[pri:0, instance:com.tests.LoginTest@6093dd95] output={null}]]]>
              </value>
            </param>
          </params>
          <reporter-output>
          </reporter-output>
        </test-method> <!-- tearDown -->
        <test-method status="PASS" signature="afterTest()[pri:0, instance:com.tests.LoginTest@6093dd95]" name="afterTest" is-config="true" duration-ms="2843" started-at="2018-05-08T00:38:47Z" finished-at="2018-05-08T00:38:50Z">
          <reporter-output>
          </reporter-output>
        </test-method> <!-- afterTest -->
      </class> <!-- com.tests.LoginTest -->
    </test> <!-- Test -->
  </suite> <!-- Suite -->
</testng-results>
